{"C:\\Users\\HP\\workflow\\shiny-agency\\src\\App.js": {"path":"C:\\Users\\HP\\workflow\\shiny-agency\\src\\App.js","statementMap":{"0":{"start":{"line":5,"column":2},"end":{"line":22,"column":4}}},"fnMap":{"0":{"name":"App","decl":{"start":{"line":4,"column":9},"end":{"line":4,"column":12}},"loc":{"start":{"line":4,"column":15},"end":{"line":23,"column":1}},"line":4}},"branchMap":{},"s":{"0":1},"f":{"0":1},"b":{},"_coverageSchema":"1a1c01bbd47fc00a2c39e90264f33305004495a9","hash":"b7465f5722408d792f576a628a23ba3eb76311f5"}
,"C:\\Users\\HP\\workflow\\shiny-agency\\src\\index.jsx": {"path":"C:\\Users\\HP\\workflow\\shiny-agency\\src\\index.jsx","statementMap":{"0":{"start":{"line":14,"column":0},"end":{"line":44,"column":1}}},"fnMap":{},"branchMap":{},"s":{"0":0},"f":{},"b":{}}
,"C:\\Users\\HP\\workflow\\shiny-agency\\src\\reportWebVitals.js": {"path":"C:\\Users\\HP\\workflow\\shiny-agency\\src\\reportWebVitals.js","statementMap":{"0":{"start":{"line":1,"column":24},"end":{"line":11,"column":1}},"1":{"start":{"line":2,"column":2},"end":{"line":10,"column":3}},"2":{"start":{"line":3,"column":4},"end":{"line":9,"column":7}},"3":{"start":{"line":4,"column":6},"end":{"line":4,"column":26}},"4":{"start":{"line":5,"column":6},"end":{"line":5,"column":26}},"5":{"start":{"line":6,"column":6},"end":{"line":6,"column":26}},"6":{"start":{"line":7,"column":6},"end":{"line":7,"column":26}},"7":{"start":{"line":8,"column":6},"end":{"line":8,"column":27}}},"fnMap":{"0":{"name":"(anonymous_0)","decl":{"start":{"line":1,"column":24},"end":{"line":1,"column":25}},"loc":{"start":{"line":1,"column":39},"end":{"line":11,"column":1}},"line":1},"1":{"name":"(anonymous_1)","decl":{"start":{"line":3,"column":30},"end":{"line":3,"column":31}},"loc":{"start":{"line":3,"column":79},"end":{"line":9,"column":5}},"line":3}},"branchMap":{"0":{"loc":{"start":{"line":2,"column":2},"end":{"line":10,"column":3}},"type":"if","locations":[{"start":{"line":2,"column":2},"end":{"line":10,"column":3}},{"start":{"line":2,"column":2},"end":{"line":10,"column":3}}],"line":2},"1":{"loc":{"start":{"line":2,"column":6},"end":{"line":2,"column":52}},"type":"binary-expr","locations":[{"start":{"line":2,"column":6},"end":{"line":2,"column":17}},{"start":{"line":2,"column":21},"end":{"line":2,"column":52}}],"line":2}},"s":{"0":0,"1":0,"2":0,"3":0,"4":0,"5":0,"6":0,"7":0},"f":{"0":0,"1":0},"b":{"0":[0,0],"1":[0,0]}}
,"C:\\Users\\HP\\workflow\\shiny-agency\\src\\components\\Card\\index.jsx": {"path":"C:\\Users\\HP\\workflow\\shiny-agency\\src\\components\\Card\\index.jsx","statementMap":{"0":{"start":{"line":7,"column":18},"end":{"line":12,"column":1}},"1":{"start":{"line":8,"column":27},"end":{"line":8,"column":73}},"2":{"start":{"line":14,"column":18},"end":{"line":19,"column":1}},"3":{"start":{"line":15,"column":27},"end":{"line":15,"column":68}},"4":{"start":{"line":21,"column":18},"end":{"line":26,"column":1}},"5":{"start":{"line":28,"column":20},"end":{"line":41,"column":1}},"6":{"start":{"line":34,"column":4},"end":{"line":34,"column":70}},"7":{"start":{"line":44,"column":20},"end":{"line":44,"column":30}},"8":{"start":{"line":46,"column":2},"end":{"line":52,"column":3}},"9":{"start":{"line":55,"column":0},"end":{"line":59,"column":1}},"10":{"start":{"line":61,"column":0},"end":{"line":65,"column":1}}},"fnMap":{"0":{"name":"(anonymous_0)","decl":{"start":{"line":8,"column":11},"end":{"line":8,"column":12}},"loc":{"start":{"line":8,"column":27},"end":{"line":8,"column":73}},"line":8},"1":{"name":"(anonymous_1)","decl":{"start":{"line":15,"column":11},"end":{"line":15,"column":12}},"loc":{"start":{"line":15,"column":27},"end":{"line":15,"column":68}},"line":15},"2":{"name":"(anonymous_2)","decl":{"start":{"line":33,"column":22},"end":{"line":33,"column":23}},"loc":{"start":{"line":34,"column":4},"end":{"line":34,"column":70}},"line":34},"3":{"name":"Card","decl":{"start":{"line":43,"column":9},"end":{"line":43,"column":13}},"loc":{"start":{"line":43,"column":41},"end":{"line":53,"column":1}},"line":43}},"branchMap":{"0":{"loc":{"start":{"line":8,"column":27},"end":{"line":8,"column":73}},"type":"cond-expr","locations":[{"start":{"line":8,"column":47},"end":{"line":8,"column":61}},{"start":{"line":8,"column":64},"end":{"line":8,"column":73}}],"line":8},"1":{"loc":{"start":{"line":15,"column":27},"end":{"line":15,"column":68}},"type":"cond-expr","locations":[{"start":{"line":15,"column":47},"end":{"line":15,"column":56}},{"start":{"line":15,"column":59},"end":{"line":15,"column":68}}],"line":15},"2":{"loc":{"start":{"line":34,"column":4},"end":{"line":34,"column":70}},"type":"cond-expr","locations":[{"start":{"line":34,"column":24},"end":{"line":34,"column":46}},{"start":{"line":34,"column":49},"end":{"line":34,"column":70}}],"line":34}},"s":{"0":0,"1":0,"2":0,"3":0,"4":0,"5":0,"6":0,"7":0,"8":0,"9":0,"10":0},"f":{"0":0,"1":0,"2":0,"3":0},"b":{"0":[0,0],"1":[0,0],"2":[0,0]}}
,"C:\\Users\\HP\\workflow\\shiny-agency\\src\\components\\Error\\index.jsx": {"path":"C:\\Users\\HP\\workflow\\shiny-agency\\src\\components\\Error\\index.jsx","statementMap":{"0":{"start":{"line":6,"column":21},"end":{"line":13,"column":1}},"1":{"start":{"line":11,"column":4},"end":{"line":11,"column":70}},"2":{"start":{"line":15,"column":19},"end":{"line":18,"column":1}},"3":{"start":{"line":16,"column":27},"end":{"line":16,"column":68}},"4":{"start":{"line":20,"column":22},"end":{"line":23,"column":1}},"5":{"start":{"line":21,"column":27},"end":{"line":21,"column":75}},"6":{"start":{"line":25,"column":21},"end":{"line":27,"column":1}},"7":{"start":{"line":30,"column":20},"end":{"line":30,"column":30}},"8":{"start":{"line":32,"column":2},"end":{"line":40,"column":3}}},"fnMap":{"0":{"name":"(anonymous_0)","decl":{"start":{"line":10,"column":22},"end":{"line":10,"column":23}},"loc":{"start":{"line":11,"column":4},"end":{"line":11,"column":70}},"line":11},"1":{"name":"(anonymous_1)","decl":{"start":{"line":16,"column":11},"end":{"line":16,"column":12}},"loc":{"start":{"line":16,"column":27},"end":{"line":16,"column":68}},"line":16},"2":{"name":"(anonymous_2)","decl":{"start":{"line":21,"column":11},"end":{"line":21,"column":12}},"loc":{"start":{"line":21,"column":27},"end":{"line":21,"column":75}},"line":21},"3":{"name":"Error","decl":{"start":{"line":29,"column":9},"end":{"line":29,"column":14}},"loc":{"start":{"line":29,"column":17},"end":{"line":41,"column":1}},"line":29}},"branchMap":{"0":{"loc":{"start":{"line":11,"column":4},"end":{"line":11,"column":70}},"type":"cond-expr","locations":[{"start":{"line":11,"column":24},"end":{"line":11,"column":46}},{"start":{"line":11,"column":49},"end":{"line":11,"column":70}}],"line":11},"1":{"loc":{"start":{"line":16,"column":27},"end":{"line":16,"column":68}},"type":"cond-expr","locations":[{"start":{"line":16,"column":47},"end":{"line":16,"column":56}},{"start":{"line":16,"column":59},"end":{"line":16,"column":68}}],"line":16},"2":{"loc":{"start":{"line":21,"column":27},"end":{"line":21,"column":75}},"type":"cond-expr","locations":[{"start":{"line":21,"column":47},"end":{"line":21,"column":63}},{"start":{"line":21,"column":66},"end":{"line":21,"column":75}}],"line":21}},"s":{"0":0,"1":0,"2":0,"3":0,"4":0,"5":0,"6":0,"7":0,"8":0},"f":{"0":0,"1":0,"2":0,"3":0},"b":{"0":[0,0],"1":[0,0],"2":[0,0]}}
,"C:\\Users\\HP\\workflow\\shiny-agency\\src\\components\\Footer\\index.jsx": {"path":"C:\\Users\\HP\\workflow\\shiny-agency\\src\\components\\Footer\\index.jsx","statementMap":{"0":{"start":{"line":5,"column":24},"end":{"line":11,"column":1}},"1":{"start":{"line":13,"column":24},"end":{"line":18,"column":1}},"2":{"start":{"line":21,"column":33},"end":{"line":21,"column":43}},"3":{"start":{"line":23,"column":2},"end":{"line":29,"column":3}},"4":{"start":{"line":25,"column":38},"end":{"line":25,"column":51}}},"fnMap":{"0":{"name":"Footer","decl":{"start":{"line":20,"column":9},"end":{"line":20,"column":15}},"loc":{"start":{"line":20,"column":18},"end":{"line":30,"column":1}},"line":20},"1":{"name":"(anonymous_1)","decl":{"start":{"line":25,"column":32},"end":{"line":25,"column":33}},"loc":{"start":{"line":25,"column":38},"end":{"line":25,"column":51}},"line":25}},"branchMap":{"0":{"loc":{"start":{"line":26,"column":27},"end":{"line":26,"column":58}},"type":"cond-expr","locations":[{"start":{"line":26,"column":47},"end":{"line":26,"column":51}},{"start":{"line":26,"column":54},"end":{"line":26,"column":58}}],"line":26}},"s":{"0":1,"1":1,"2":2,"3":2,"4":1},"f":{"0":2,"1":1},"b":{"0":[1,1]},"_coverageSchema":"1a1c01bbd47fc00a2c39e90264f33305004495a9","hash":"ad37a2808ef7aae86652062cd931083708f0a979"}
,"C:\\Users\\HP\\workflow\\shiny-agency\\src\\components\\Header\\index.jsx": {"path":"C:\\Users\\HP\\workflow\\shiny-agency\\src\\components\\Header\\index.jsx","statementMap":{"0":{"start":{"line":8,"column":17},"end":{"line":10,"column":1}},"1":{"start":{"line":12,"column":21},"end":{"line":17,"column":1}},"2":{"start":{"line":20,"column":20},"end":{"line":20,"column":30}},"3":{"start":{"line":22,"column":2},"end":{"line":39,"column":3}}},"fnMap":{"0":{"name":"Header","decl":{"start":{"line":19,"column":9},"end":{"line":19,"column":15}},"loc":{"start":{"line":19,"column":18},"end":{"line":40,"column":1}},"line":19}},"branchMap":{"0":{"loc":{"start":{"line":25,"column":23},"end":{"line":25,"column":63}},"type":"cond-expr","locations":[{"start":{"line":25,"column":43},"end":{"line":25,"column":51}},{"start":{"line":25,"column":54},"end":{"line":25,"column":63}}],"line":25}},"s":{"0":0,"1":0,"2":0,"3":0},"f":{"0":0},"b":{"0":[0,0]}}
,"C:\\Users\\HP\\workflow\\shiny-agency\\src\\pages\\Freelances\\index.jsx": {"path":"C:\\Users\\HP\\workflow\\shiny-agency\\src\\pages\\Freelances\\index.jsx","statementMap":{"0":{"start":{"line":7,"column":23},"end":{"line":14,"column":1}},"1":{"start":{"line":16,"column":18},"end":{"line":21,"column":1}},"2":{"start":{"line":20,"column":27},"end":{"line":20,"column":68}},"3":{"start":{"line":23,"column":21},"end":{"line":30,"column":1}},"4":{"start":{"line":29,"column":27},"end":{"line":29,"column":68}},"5":{"start":{"line":32,"column":22},"end":{"line":35,"column":1}},"6":{"start":{"line":38,"column":20},"end":{"line":38,"column":30}},"7":{"start":{"line":39,"column":37},"end":{"line":41,"column":3}},"8":{"start":{"line":46,"column":26},"end":{"line":46,"column":47}},"9":{"start":{"line":48,"column":2},"end":{"line":50,"column":3}},"10":{"start":{"line":49,"column":4},"end":{"line":49,"column":50}},"11":{"start":{"line":52,"column":2},"end":{"line":75,"column":3}},"12":{"start":{"line":65,"column":12},"end":{"line":70,"column":14}}},"fnMap":{"0":{"name":"(anonymous_0)","decl":{"start":{"line":20,"column":11},"end":{"line":20,"column":12}},"loc":{"start":{"line":20,"column":27},"end":{"line":20,"column":68}},"line":20},"1":{"name":"(anonymous_1)","decl":{"start":{"line":29,"column":11},"end":{"line":29,"column":12}},"loc":{"start":{"line":29,"column":27},"end":{"line":29,"column":68}},"line":29},"2":{"name":"Freelances","decl":{"start":{"line":37,"column":9},"end":{"line":37,"column":19}},"loc":{"start":{"line":37,"column":22},"end":{"line":76,"column":1}},"line":37},"3":{"name":"(anonymous_3)","decl":{"start":{"line":64,"column":31},"end":{"line":64,"column":32}},"loc":{"start":{"line":65,"column":12},"end":{"line":70,"column":14}},"line":65}},"branchMap":{"0":{"loc":{"start":{"line":20,"column":27},"end":{"line":20,"column":68}},"type":"cond-expr","locations":[{"start":{"line":20,"column":47},"end":{"line":20,"column":56}},{"start":{"line":20,"column":59},"end":{"line":20,"column":68}}],"line":20},"1":{"loc":{"start":{"line":29,"column":27},"end":{"line":29,"column":68}},"type":"cond-expr","locations":[{"start":{"line":29,"column":47},"end":{"line":29,"column":56}},{"start":{"line":29,"column":59},"end":{"line":29,"column":68}}],"line":29},"2":{"loc":{"start":{"line":48,"column":2},"end":{"line":50,"column":3}},"type":"if","locations":[{"start":{"line":48,"column":2},"end":{"line":50,"column":3}},{"start":{"line":48,"column":2},"end":{"line":50,"column":3}}],"line":48},"3":{"loc":{"start":{"line":58,"column":7},"end":{"line":73,"column":7}},"type":"cond-expr","locations":[{"start":{"line":59,"column":8},"end":{"line":61,"column":24}},{"start":{"line":63,"column":8},"end":{"line":72,"column":25}}],"line":58}},"s":{"0":0,"1":0,"2":0,"3":0,"4":0,"5":0,"6":0,"7":0,"8":0,"9":0,"10":0,"11":0,"12":0},"f":{"0":0,"1":0,"2":0,"3":0},"b":{"0":[0,0],"1":[0,0],"2":[0,0],"3":[0,0]}}
,"C:\\Users\\HP\\workflow\\shiny-agency\\src\\pages\\Home\\index.jsx": {"path":"C:\\Users\\HP\\workflow\\shiny-agency\\src\\pages\\Home\\index.jsx","statementMap":{"0":{"start":{"line":7,"column":20},"end":{"line":10,"column":1}},"1":{"start":{"line":12,"column":23},"end":{"line":20,"column":1}},"2":{"start":{"line":15,"column":4},"end":{"line":15,"column":70}},"3":{"start":{"line":22,"column":16},"end":{"line":30,"column":1}},"4":{"start":{"line":32,"column":20},"end":{"line":37,"column":1}},"5":{"start":{"line":36,"column":27},"end":{"line":36,"column":68}},"6":{"start":{"line":39,"column":21},"end":{"line":41,"column":1}},"7":{"start":{"line":44,"column":2},"end":{"line":44,"column":15}},"8":{"start":{"line":48,"column":20},"end":{"line":48,"column":30}},"9":{"start":{"line":50,"column":2},"end":{"line":66,"column":3}}},"fnMap":{"0":{"name":"(anonymous_0)","decl":{"start":{"line":14,"column":22},"end":{"line":14,"column":23}},"loc":{"start":{"line":15,"column":4},"end":{"line":15,"column":70}},"line":15},"1":{"name":"(anonymous_1)","decl":{"start":{"line":36,"column":11},"end":{"line":36,"column":12}},"loc":{"start":{"line":36,"column":27},"end":{"line":36,"column":68}},"line":36},"2":{"name":"sum","decl":{"start":{"line":43,"column":16},"end":{"line":43,"column":19}},"loc":{"start":{"line":43,"column":25},"end":{"line":45,"column":1}},"line":43},"3":{"name":"Home","decl":{"start":{"line":47,"column":9},"end":{"line":47,"column":13}},"loc":{"start":{"line":47,"column":16},"end":{"line":67,"column":1}},"line":47}},"branchMap":{"0":{"loc":{"start":{"line":15,"column":4},"end":{"line":15,"column":70}},"type":"cond-expr","locations":[{"start":{"line":15,"column":24},"end":{"line":15,"column":46}},{"start":{"line":15,"column":49},"end":{"line":15,"column":70}}],"line":15},"1":{"loc":{"start":{"line":36,"column":27},"end":{"line":36,"column":68}},"type":"cond-expr","locations":[{"start":{"line":36,"column":47},"end":{"line":36,"column":56}},{"start":{"line":36,"column":59},"end":{"line":36,"column":68}}],"line":36}},"s":{"0":1,"1":1,"2":0,"3":1,"4":1,"5":0,"6":1,"7":1,"8":0,"9":0},"f":{"0":0,"1":0,"2":1,"3":0},"b":{"0":[0,0],"1":[0,0]},"_coverageSchema":"1a1c01bbd47fc00a2c39e90264f33305004495a9","hash":"0f0bdc320c77bfdc10b6aa126891cad7bab92c6f"}
,"C:\\Users\\HP\\workflow\\shiny-agency\\src\\pages\\Results\\index.jsx": {"path":"C:\\Users\\HP\\workflow\\shiny-agency\\src\\pages\\Results\\index.jsx","statementMap":{"0":{"start":{"line":8,"column":25},"end":{"line":16,"column":1}},"1":{"start":{"line":15,"column":4},"end":{"line":15,"column":70}},"2":{"start":{"line":18,"column":21},"end":{"line":27,"column":1}},"3":{"start":{"line":19,"column":27},"end":{"line":19,"column":68}},"4":{"start":{"line":29,"column":27},"end":{"line":31,"column":1}},"5":{"start":{"line":33,"column":17},"end":{"line":37,"column":1}},"6":{"start":{"line":35,"column":4},"end":{"line":35,"column":63}},"7":{"start":{"line":39,"column":23},"end":{"line":48,"column":1}},"8":{"start":{"line":42,"column":29},"end":{"line":42,"column":77}},"9":{"start":{"line":50,"column":22},"end":{"line":53,"column":1}},"10":{"start":{"line":56,"column":24},"end":{"line":56,"column":44}},"11":{"start":{"line":58,"column":2},"end":{"line":62,"column":8}},"12":{"start":{"line":59,"column":25},"end":{"line":59,"column":36}},"13":{"start":{"line":60,"column":22},"end":{"line":60,"column":45}},"14":{"start":{"line":61,"column":4},"end":{"line":61,"column":83}},"15":{"start":{"line":67,"column":24},"end":{"line":67,"column":44}},"16":{"start":{"line":69,"column":2},"end":{"line":73,"column":8}},"17":{"start":{"line":70,"column":25},"end":{"line":70,"column":36}},"18":{"start":{"line":71,"column":22},"end":{"line":71,"column":45}},"19":{"start":{"line":72,"column":4},"end":{"line":72,"column":83}},"20":{"start":{"line":79,"column":4},"end":{"line":81,"column":5}},"21":{"start":{"line":80,"column":6},"end":{"line":80,"column":18}},"22":{"start":{"line":83,"column":4},"end":{"line":83,"column":22}},"23":{"start":{"line":87,"column":20},"end":{"line":87,"column":30}},"24":{"start":{"line":88,"column":22},"end":{"line":88,"column":47}},"25":{"start":{"line":90,"column":22},"end":{"line":90,"column":48}},"26":{"start":{"line":92,"column":37},"end":{"line":94,"column":3}},"27":{"start":{"line":100,"column":2},"end":{"line":102,"column":3}},"28":{"start":{"line":101,"column":4},"end":{"line":101,"column":42}},"29":{"start":{"line":104,"column":22},"end":{"line":104,"column":39}},"30":{"start":{"line":106,"column":2},"end":{"line":141,"column":3}},"31":{"start":{"line":116,"column":12},"end":{"line":122,"column":23}},"32":{"start":{"line":131,"column":12},"end":{"line":137,"column":29}}},"fnMap":{"0":{"name":"(anonymous_0)","decl":{"start":{"line":14,"column":22},"end":{"line":14,"column":23}},"loc":{"start":{"line":15,"column":4},"end":{"line":15,"column":70}},"line":15},"1":{"name":"(anonymous_1)","decl":{"start":{"line":19,"column":11},"end":{"line":19,"column":12}},"loc":{"start":{"line":19,"column":27},"end":{"line":19,"column":68}},"line":19},"2":{"name":"(anonymous_2)","decl":{"start":{"line":34,"column":11},"end":{"line":34,"column":12}},"loc":{"start":{"line":35,"column":4},"end":{"line":35,"column":63}},"line":35},"3":{"name":"(anonymous_3)","decl":{"start":{"line":42,"column":13},"end":{"line":42,"column":14}},"loc":{"start":{"line":42,"column":29},"end":{"line":42,"column":77}},"line":42},"4":{"name":"formatFetchParams","decl":{"start":{"line":55,"column":9},"end":{"line":55,"column":26}},"loc":{"start":{"line":55,"column":36},"end":{"line":63,"column":1}},"line":55},"5":{"name":"(anonymous_5)","decl":{"start":{"line":58,"column":30},"end":{"line":58,"column":31}},"loc":{"start":{"line":58,"column":71},"end":{"line":62,"column":3}},"line":58},"6":{"name":"formatQueryParams","decl":{"start":{"line":66,"column":16},"end":{"line":66,"column":33}},"loc":{"start":{"line":66,"column":43},"end":{"line":74,"column":1}},"line":66},"7":{"name":"(anonymous_7)","decl":{"start":{"line":69,"column":30},"end":{"line":69,"column":31}},"loc":{"start":{"line":69,"column":71},"end":{"line":73,"column":3}},"line":69},"8":{"name":"formatJobList","decl":{"start":{"line":78,"column":16},"end":{"line":78,"column":29}},"loc":{"start":{"line":78,"column":56},"end":{"line":84,"column":1}},"line":78},"9":{"name":"Results","decl":{"start":{"line":86,"column":9},"end":{"line":86,"column":16}},"loc":{"start":{"line":86,"column":19},"end":{"line":142,"column":1}},"line":86},"10":{"name":"(anonymous_10)","decl":{"start":{"line":115,"column":26},"end":{"line":115,"column":27}},"loc":{"start":{"line":116,"column":12},"end":{"line":122,"column":23}},"line":116},"11":{"name":"(anonymous_11)","decl":{"start":{"line":130,"column":26},"end":{"line":130,"column":27}},"loc":{"start":{"line":131,"column":12},"end":{"line":137,"column":29}},"line":131}},"branchMap":{"0":{"loc":{"start":{"line":15,"column":4},"end":{"line":15,"column":70}},"type":"cond-expr","locations":[{"start":{"line":15,"column":24},"end":{"line":15,"column":46}},{"start":{"line":15,"column":49},"end":{"line":15,"column":70}}],"line":15},"1":{"loc":{"start":{"line":19,"column":27},"end":{"line":19,"column":68}},"type":"cond-expr","locations":[{"start":{"line":19,"column":47},"end":{"line":19,"column":56}},{"start":{"line":19,"column":59},"end":{"line":19,"column":68}}],"line":19},"2":{"loc":{"start":{"line":35,"column":4},"end":{"line":35,"column":63}},"type":"cond-expr","locations":[{"start":{"line":35,"column":24},"end":{"line":35,"column":38}},{"start":{"line":35,"column":41},"end":{"line":35,"column":63}}],"line":35},"3":{"loc":{"start":{"line":42,"column":29},"end":{"line":42,"column":77}},"type":"cond-expr","locations":[{"start":{"line":42,"column":49},"end":{"line":42,"column":65}},{"start":{"line":42,"column":68},"end":{"line":42,"column":77}}],"line":42},"4":{"loc":{"start":{"line":60,"column":22},"end":{"line":60,"column":45}},"type":"cond-expr","locations":[{"start":{"line":60,"column":37},"end":{"line":60,"column":39}},{"start":{"line":60,"column":42},"end":{"line":60,"column":45}}],"line":60},"5":{"loc":{"start":{"line":71,"column":22},"end":{"line":71,"column":45}},"type":"cond-expr","locations":[{"start":{"line":71,"column":37},"end":{"line":71,"column":39}},{"start":{"line":71,"column":42},"end":{"line":71,"column":45}}],"line":71},"6":{"loc":{"start":{"line":79,"column":4},"end":{"line":81,"column":5}},"type":"if","locations":[{"start":{"line":79,"column":4},"end":{"line":81,"column":5}},{"start":{"line":79,"column":4},"end":{"line":81,"column":5}}],"line":79},"7":{"loc":{"start":{"line":100,"column":2},"end":{"line":102,"column":3}},"type":"if","locations":[{"start":{"line":100,"column":2},"end":{"line":102,"column":3}},{"start":{"line":100,"column":2},"end":{"line":102,"column":3}}],"line":100},"8":{"loc":{"start":{"line":106,"column":9},"end":{"line":141,"column":3}},"type":"cond-expr","locations":[{"start":{"line":107,"column":4},"end":{"line":109,"column":20}},{"start":{"line":111,"column":4},"end":{"line":140,"column":23}}],"line":106},"9":{"loc":{"start":{"line":114,"column":9},"end":{"line":123,"column":12}},"type":"binary-expr","locations":[{"start":{"line":114,"column":9},"end":{"line":114,"column":20}},{"start":{"line":115,"column":10},"end":{"line":123,"column":12}}],"line":114},"10":{"loc":{"start":{"line":129,"column":9},"end":{"line":138,"column":12}},"type":"binary-expr","locations":[{"start":{"line":129,"column":9},"end":{"line":129,"column":20}},{"start":{"line":130,"column":10},"end":{"line":138,"column":12}}],"line":129}},"s":{"0":1,"1":0,"2":1,"3":0,"4":1,"5":1,"6":0,"7":1,"8":0,"9":1,"10":0,"11":0,"12":0,"13":0,"14":0,"15":2,"16":2,"17":3,"18":3,"19":3,"20":2,"21":1,"22":1,"23":0,"24":0,"25":0,"26":0,"27":0,"28":0,"29":0,"30":0,"31":0,"32":0},"f":{"0":0,"1":0,"2":0,"3":0,"4":0,"5":0,"6":2,"7":3,"8":2,"9":0,"10":0,"11":0},"b":{"0":[0,0],"1":[0,0],"2":[0,0],"3":[0,0],"4":[0,0],"5":[2,1],"6":[1,1],"7":[0,0],"8":[0,0],"9":[0,0],"10":[0,0]},"_coverageSchema":"1a1c01bbd47fc00a2c39e90264f33305004495a9","hash":"9afa62506ef68689fe6328d529e58a748cf56185"}
,"C:\\Users\\HP\\workflow\\shiny-agency\\src\\pages\\Survey\\index.jsx": {"path":"C:\\Users\\HP\\workflow\\shiny-agency\\src\\pages\\Survey\\index.jsx","statementMap":{"0":{"start":{"line":10,"column":24},"end":{"line":14,"column":1}},"1":{"start":{"line":16,"column":22},"end":{"line":20,"column":1}},"2":{"start":{"line":19,"column":27},"end":{"line":19,"column":68}},"3":{"start":{"line":22,"column":24},"end":{"line":25,"column":1}},"4":{"start":{"line":24,"column":27},"end":{"line":24,"column":68}},"5":{"start":{"line":27,"column":20},"end":{"line":35,"column":1}},"6":{"start":{"line":30,"column":29},"end":{"line":30,"column":70}},"7":{"start":{"line":37,"column":17},"end":{"line":57,"column":1}},"8":{"start":{"line":45,"column":4},"end":{"line":45,"column":70}},"9":{"start":{"line":46,"column":27},"end":{"line":46,"column":68}},"10":{"start":{"line":50,"column":4},"end":{"line":50,"column":73}},"11":{"start":{"line":59,"column":21},"end":{"line":62,"column":1}},"12":{"start":{"line":65,"column":29},"end":{"line":65,"column":40}},"13":{"start":{"line":66,"column":28},"end":{"line":66,"column":52}},"14":{"start":{"line":67,"column":29},"end":{"line":67,"column":80}},"15":{"start":{"line":68,"column":29},"end":{"line":68,"column":50}},"16":{"start":{"line":69,"column":20},"end":{"line":69,"column":30}},"17":{"start":{"line":71,"column":35},"end":{"line":71,"column":60}},"18":{"start":{"line":74,"column":4},"end":{"line":74,"column":45}},"19":{"start":{"line":76,"column":37},"end":{"line":76,"column":77}},"20":{"start":{"line":77,"column":21},"end":{"line":77,"column":37}},"21":{"start":{"line":79,"column":2},"end":{"line":81,"column":3}},"22":{"start":{"line":80,"column":4},"end":{"line":80,"column":50}},"23":{"start":{"line":83,"column":2},"end":{"line":118,"column":3}},"24":{"start":{"line":95,"column":25},"end":{"line":95,"column":40}},"25":{"start":{"line":102,"column":25},"end":{"line":102,"column":41}}},"fnMap":{"0":{"name":"(anonymous_0)","decl":{"start":{"line":19,"column":11},"end":{"line":19,"column":12}},"loc":{"start":{"line":19,"column":27},"end":{"line":19,"column":68}},"line":19},"1":{"name":"(anonymous_1)","decl":{"start":{"line":24,"column":11},"end":{"line":24,"column":12}},"loc":{"start":{"line":24,"column":27},"end":{"line":24,"column":68}},"line":24},"2":{"name":"(anonymous_2)","decl":{"start":{"line":30,"column":13},"end":{"line":30,"column":14}},"loc":{"start":{"line":30,"column":29},"end":{"line":30,"column":70}},"line":30},"3":{"name":"(anonymous_3)","decl":{"start":{"line":44,"column":22},"end":{"line":44,"column":23}},"loc":{"start":{"line":45,"column":4},"end":{"line":45,"column":70}},"line":45},"4":{"name":"(anonymous_4)","decl":{"start":{"line":46,"column":11},"end":{"line":46,"column":12}},"loc":{"start":{"line":46,"column":27},"end":{"line":46,"column":68}},"line":46},"5":{"name":"(anonymous_5)","decl":{"start":{"line":49,"column":16},"end":{"line":49,"column":17}},"loc":{"start":{"line":50,"column":4},"end":{"line":50,"column":73}},"line":50},"6":{"name":"Survey","decl":{"start":{"line":64,"column":9},"end":{"line":64,"column":15}},"loc":{"start":{"line":64,"column":18},"end":{"line":119,"column":1}},"line":64},"7":{"name":"saveReply","decl":{"start":{"line":73,"column":11},"end":{"line":73,"column":20}},"loc":{"start":{"line":73,"column":29},"end":{"line":75,"column":3}},"line":73},"8":{"name":"(anonymous_8)","decl":{"start":{"line":95,"column":19},"end":{"line":95,"column":20}},"loc":{"start":{"line":95,"column":25},"end":{"line":95,"column":40}},"line":95},"9":{"name":"(anonymous_9)","decl":{"start":{"line":102,"column":19},"end":{"line":102,"column":20}},"loc":{"start":{"line":102,"column":25},"end":{"line":102,"column":41}},"line":102}},"branchMap":{"0":{"loc":{"start":{"line":19,"column":27},"end":{"line":19,"column":68}},"type":"cond-expr","locations":[{"start":{"line":19,"column":47},"end":{"line":19,"column":56}},{"start":{"line":19,"column":59},"end":{"line":19,"column":68}}],"line":19},"1":{"loc":{"start":{"line":24,"column":27},"end":{"line":24,"column":68}},"type":"cond-expr","locations":[{"start":{"line":24,"column":47},"end":{"line":24,"column":56}},{"start":{"line":24,"column":59},"end":{"line":24,"column":68}}],"line":24},"2":{"loc":{"start":{"line":30,"column":29},"end":{"line":30,"column":70}},"type":"cond-expr","locations":[{"start":{"line":30,"column":49},"end":{"line":30,"column":58}},{"start":{"line":30,"column":61},"end":{"line":30,"column":70}}],"line":30},"3":{"loc":{"start":{"line":45,"column":4},"end":{"line":45,"column":70}},"type":"cond-expr","locations":[{"start":{"line":45,"column":24},"end":{"line":45,"column":46}},{"start":{"line":45,"column":49},"end":{"line":45,"column":70}}],"line":45},"4":{"loc":{"start":{"line":46,"column":27},"end":{"line":46,"column":68}},"type":"cond-expr","locations":[{"start":{"line":46,"column":47},"end":{"line":46,"column":56}},{"start":{"line":46,"column":59},"end":{"line":46,"column":68}}],"line":46},"5":{"loc":{"start":{"line":50,"column":4},"end":{"line":50,"column":73}},"type":"cond-expr","locations":[{"start":{"line":50,"column":23},"end":{"line":50,"column":64}},{"start":{"line":50,"column":67},"end":{"line":50,"column":73}}],"line":50},"6":{"loc":{"start":{"line":67,"column":29},"end":{"line":67,"column":80}},"type":"cond-expr","locations":[{"start":{"line":67,"column":55},"end":{"line":67,"column":56}},{"start":{"line":67,"column":59},"end":{"line":67,"column":80}}],"line":67},"7":{"loc":{"start":{"line":79,"column":2},"end":{"line":81,"column":3}},"type":"if","locations":[{"start":{"line":79,"column":2},"end":{"line":81,"column":3}},{"start":{"line":79,"column":2},"end":{"line":81,"column":3}}],"line":79},"8":{"loc":{"start":{"line":86,"column":7},"end":{"line":92,"column":7}},"type":"cond-expr","locations":[{"start":{"line":87,"column":8},"end":{"line":87,"column":18}},{"start":{"line":89,"column":8},"end":{"line":91,"column":26}}],"line":86},"9":{"loc":{"start":{"line":111,"column":9},"end":{"line":115,"column":9}},"type":"cond-expr","locations":[{"start":{"line":112,"column":10},"end":{"line":112,"column":67}},{"start":{"line":114,"column":10},"end":{"line":114,"column":46}}],"line":111},"10":{"loc":{"start":{"line":111,"column":9},"end":{"line":111,"column":56}},"type":"binary-expr","locations":[{"start":{"line":111,"column":9},"end":{"line":111,"column":19}},{"start":{"line":111,"column":23},"end":{"line":111,"column":56}}],"line":111}},"s":{"0":0,"1":0,"2":0,"3":0,"4":0,"5":0,"6":0,"7":0,"8":0,"9":0,"10":0,"11":0,"12":0,"13":0,"14":0,"15":0,"16":0,"17":0,"18":0,"19":0,"20":0,"21":0,"22":0,"23":0,"24":0,"25":0},"f":{"0":0,"1":0,"2":0,"3":0,"4":0,"5":0,"6":0,"7":0,"8":0,"9":0},"b":{"0":[0,0],"1":[0,0],"2":[0,0],"3":[0,0],"4":[0,0],"5":[0,0],"6":[0,0],"7":[0,0],"8":[0,0],"9":[0,0],"10":[0,0]}}
,"C:\\Users\\HP\\workflow\\shiny-agency\\src\\utils\\context\\index.jsx": {"path":"C:\\Users\\HP\\workflow\\shiny-agency\\src\\utils\\context\\index.jsx","statementMap":{"0":{"start":{"line":3,"column":28},"end":{"line":3,"column":43}},"1":{"start":{"line":5,"column":29},"end":{"line":16,"column":1}},"2":{"start":{"line":6,"column":28},"end":{"line":6,"column":45}},"3":{"start":{"line":7,"column":22},"end":{"line":9,"column":3}},"4":{"start":{"line":8,"column":4},"end":{"line":8,"column":50}},"5":{"start":{"line":11,"column":2},"end":{"line":15,"column":3}},"6":{"start":{"line":18,"column":29},"end":{"line":18,"column":44}},"7":{"start":{"line":20,"column":30},"end":{"line":31,"column":1}},"8":{"start":{"line":21,"column":32},"end":{"line":21,"column":44}},"9":{"start":{"line":22,"column":22},"end":{"line":24,"column":3}},"10":{"start":{"line":23,"column":4},"end":{"line":23,"column":45}},"11":{"start":{"line":26,"column":2},"end":{"line":30,"column":3}}},"fnMap":{"0":{"name":"(anonymous_0)","decl":{"start":{"line":5,"column":29},"end":{"line":5,"column":30}},"loc":{"start":{"line":5,"column":47},"end":{"line":16,"column":1}},"line":5},"1":{"name":"(anonymous_1)","decl":{"start":{"line":7,"column":22},"end":{"line":7,"column":23}},"loc":{"start":{"line":7,"column":28},"end":{"line":9,"column":3}},"line":7},"2":{"name":"(anonymous_2)","decl":{"start":{"line":20,"column":30},"end":{"line":20,"column":31}},"loc":{"start":{"line":20,"column":48},"end":{"line":31,"column":1}},"line":20},"3":{"name":"(anonymous_3)","decl":{"start":{"line":22,"column":22},"end":{"line":22,"column":23}},"loc":{"start":{"line":22,"column":38},"end":{"line":24,"column":3}},"line":22}},"branchMap":{"0":{"loc":{"start":{"line":8,"column":13},"end":{"line":8,"column":49}},"type":"cond-expr","locations":[{"start":{"line":8,"column":33},"end":{"line":8,"column":39}},{"start":{"line":8,"column":42},"end":{"line":8,"column":49}}],"line":8}},"s":{"0":3,"1":3,"2":2,"3":2,"4":1,"5":2,"6":3,"7":3,"8":0,"9":0,"10":0,"11":0},"f":{"0":2,"1":1,"2":0,"3":0},"b":{"0":[1,0]},"_coverageSchema":"1a1c01bbd47fc00a2c39e90264f33305004495a9","hash":"1279c90c47c6e5cf099ab59b9b6409842b872cbc"}
,"C:\\Users\\HP\\workflow\\shiny-agency\\src\\utils\\hooks\\index.jsx": {"path":"C:\\Users\\HP\\workflow\\shiny-agency\\src\\utils\\hooks\\index.jsx","statementMap":{"0":{"start":{"line":5,"column":26},"end":{"line":5,"column":38}},"1":{"start":{"line":6,"column":34},"end":{"line":6,"column":48}},"2":{"start":{"line":7,"column":28},"end":{"line":7,"column":43}},"3":{"start":{"line":9,"column":2},"end":{"line":25,"column":11}},"4":{"start":{"line":10,"column":4},"end":{"line":10,"column":20}},"5":{"start":{"line":10,"column":14},"end":{"line":10,"column":20}},"6":{"start":{"line":11,"column":4},"end":{"line":11,"column":20}},"7":{"start":{"line":13,"column":6},"end":{"line":22,"column":7}},"8":{"start":{"line":14,"column":25},"end":{"line":14,"column":41}},"9":{"start":{"line":15,"column":21},"end":{"line":15,"column":42}},"10":{"start":{"line":16,"column":8},"end":{"line":16,"column":21}},"11":{"start":{"line":18,"column":8},"end":{"line":18,"column":24}},"12":{"start":{"line":19,"column":8},"end":{"line":19,"column":22}},"13":{"start":{"line":21,"column":8},"end":{"line":21,"column":25}},"14":{"start":{"line":24,"column":4},"end":{"line":24,"column":15}},"15":{"start":{"line":26,"column":2},"end":{"line":26,"column":35}},"16":{"start":{"line":30,"column":33},"end":{"line":30,"column":57}},"17":{"start":{"line":31,"column":2},"end":{"line":31,"column":31}}},"fnMap":{"0":{"name":"useFetch","decl":{"start":{"line":4,"column":16},"end":{"line":4,"column":24}},"loc":{"start":{"line":4,"column":30},"end":{"line":27,"column":1}},"line":4},"1":{"name":"(anonymous_1)","decl":{"start":{"line":9,"column":12},"end":{"line":9,"column":13}},"loc":{"start":{"line":9,"column":18},"end":{"line":25,"column":3}},"line":9},"2":{"name":"fetchData","decl":{"start":{"line":12,"column":19},"end":{"line":12,"column":28}},"loc":{"start":{"line":12,"column":31},"end":{"line":23,"column":5}},"line":12},"3":{"name":"useTheme","decl":{"start":{"line":29,"column":16},"end":{"line":29,"column":24}},"loc":{"start":{"line":29,"column":27},"end":{"line":32,"column":1}},"line":29}},"branchMap":{"0":{"loc":{"start":{"line":10,"column":4},"end":{"line":10,"column":20}},"type":"if","locations":[{"start":{"line":10,"column":4},"end":{"line":10,"column":20}},{"start":{"line":10,"column":4},"end":{"line":10,"column":20}}],"line":10}},"s":{"0":0,"1":0,"2":0,"3":0,"4":0,"5":0,"6":0,"7":0,"8":0,"9":0,"10":0,"11":0,"12":0,"13":0,"14":0,"15":0,"16":2,"17":2},"f":{"0":0,"1":0,"2":0,"3":2},"b":{"0":[0,0]},"_coverageSchema":"1a1c01bbd47fc00a2c39e90264f33305004495a9","hash":"db8ed384f3fbe9bf367827ae4a7c4cdfe0fcb9f2"}
,"C:\\Users\\HP\\workflow\\shiny-agency\\src\\utils\\style\\Atoms.jsx": {"path":"C:\\Users\\HP\\workflow\\shiny-agency\\src\\utils\\style\\Atoms.jsx","statementMap":{"0":{"start":{"line":5,"column":15},"end":{"line":13,"column":1}},"1":{"start":{"line":15,"column":22},"end":{"line":23,"column":1}},"2":{"start":{"line":25,"column":26},"end":{"line":36,"column":1}},"3":{"start":{"line":27,"column":28},"end":{"line":27,"column":70}},"4":{"start":{"line":32,"column":4},"end":{"line":35,"column":41}}},"fnMap":{"0":{"name":"(anonymous_0)","decl":{"start":{"line":27,"column":11},"end":{"line":27,"column":12}},"loc":{"start":{"line":27,"column":28},"end":{"line":27,"column":70}},"line":27},"1":{"name":"(anonymous_1)","decl":{"start":{"line":31,"column":4},"end":{"line":31,"column":5}},"loc":{"start":{"line":32,"column":4},"end":{"line":35,"column":41}},"line":32}},"branchMap":{"0":{"loc":{"start":{"line":27,"column":28},"end":{"line":27,"column":70}},"type":"cond-expr","locations":[{"start":{"line":27,"column":49},"end":{"line":27,"column":58}},{"start":{"line":27,"column":61},"end":{"line":27,"column":70}}],"line":27},"1":{"loc":{"start":{"line":32,"column":4},"end":{"line":35,"column":41}},"type":"binary-expr","locations":[{"start":{"line":32,"column":4},"end":{"line":32,"column":21}},{"start":{"line":33,"column":4},"end":{"line":35,"column":41}}],"line":32}},"s":{"0":2,"1":2,"2":2,"3":0,"4":0},"f":{"0":0,"1":0},"b":{"0":[0,0],"1":[0,0]},"_coverageSchema":"1a1c01bbd47fc00a2c39e90264f33305004495a9","hash":"7fe3723d5423dead394fae426b484e2b68236246"}
,"C:\\Users\\HP\\workflow\\shiny-agency\\src\\utils\\style\\GlobalStyle.jsx": {"path":"C:\\Users\\HP\\workflow\\shiny-agency\\src\\utils\\style\\GlobalStyle.jsx","statementMap":{"0":{"start":{"line":4,"column":26},"end":{"line":14,"column":1}},"1":{"start":{"line":11,"column":10},"end":{"line":11,"column":48}},"2":{"start":{"line":17,"column":20},"end":{"line":17,"column":30}},"3":{"start":{"line":19,"column":2},"end":{"line":19,"column":60}}},"fnMap":{"0":{"name":"(anonymous_0)","decl":{"start":{"line":10,"column":28},"end":{"line":10,"column":29}},"loc":{"start":{"line":11,"column":10},"end":{"line":11,"column":48}},"line":11},"1":{"name":"GlobalStyle","decl":{"start":{"line":16,"column":9},"end":{"line":16,"column":20}},"loc":{"start":{"line":16,"column":23},"end":{"line":20,"column":1}},"line":16}},"branchMap":{"0":{"loc":{"start":{"line":11,"column":10},"end":{"line":11,"column":48}},"type":"cond-expr","locations":[{"start":{"line":11,"column":29},"end":{"line":11,"column":38}},{"start":{"line":11,"column":41},"end":{"line":11,"column":48}}],"line":11}},"s":{"0":0,"1":0,"2":0,"3":0},"f":{"0":0,"1":0},"b":{"0":[0,0]}}
,"C:\\Users\\HP\\workflow\\shiny-agency\\src\\utils\\style\\colors.js": {"path":"C:\\Users\\HP\\workflow\\shiny-agency\\src\\utils\\style\\colors.js","statementMap":{"0":{"start":{"line":1,"column":15},"end":{"line":7,"column":1}}},"fnMap":{},"branchMap":{},"s":{"0":3},"f":{},"b":{},"_coverageSchema":"1a1c01bbd47fc00a2c39e90264f33305004495a9","hash":"df38888b77cc0707dbf6825e68de7c817f4a1dd3"}
}
