TN:
SF:src\App.js
FN:4,App
FNF:1
FNH:1
FNDA:1,App
DA:5,1
LF:1
LH:1
BRF:0
BRH:0
end_of_record
TN:
SF:src\index.jsx
FNF:0
FNH:0
DA:14,0
LF:1
LH:0
BRF:0
BRH:0
end_of_record
TN:
SF:src\reportWebVitals.js
FN:1,(anonymous_0)
FN:3,(anonymous_1)
FNF:2
FNH:0
FNDA:0,(anonymous_0)
FNDA:0,(anonymous_1)
DA:1,0
DA:2,0
DA:3,0
DA:4,0
DA:5,0
DA:6,0
DA:7,0
DA:8,0
LF:8
LH:0
BRDA:2,0,0,0
BRDA:2,0,1,0
BRDA:2,1,0,0
BRDA:2,1,1,0
BRF:4
BRH:0
end_of_record
TN:
SF:src\components\Card\index.jsx
FN:8,(anonymous_0)
FN:15,(anonymous_1)
FN:33,(anonymous_2)
FN:43,Card
FNF:4
FNH:0
FNDA:0,(anonymous_0)
FNDA:0,(anonymous_1)
FNDA:0,(anonymous_2)
FNDA:0,Card
DA:7,0
DA:8,0
DA:14,0
DA:15,0
DA:21,0
DA:28,0
DA:34,0
DA:44,0
DA:46,0
DA:55,0
DA:61,0
LF:11
LH:0
BRDA:8,0,0,0
BRDA:8,0,1,0
BRDA:15,1,0,0
BRDA:15,1,1,0
BRDA:34,2,0,0
BRDA:34,2,1,0
BRF:6
BRH:0
end_of_record
TN:
SF:src\components\Error\index.jsx
FN:10,(anonymous_0)
FN:16,(anonymous_1)
FN:21,(anonymous_2)
FN:29,Error
FNF:4
FNH:0
FNDA:0,(anonymous_0)
FNDA:0,(anonymous_1)
FNDA:0,(anonymous_2)
FNDA:0,Error
DA:6,0
DA:11,0
DA:15,0
DA:16,0
DA:20,0
DA:21,0
DA:25,0
DA:30,0
DA:32,0
LF:9
LH:0
BRDA:11,0,0,0
BRDA:11,0,1,0
BRDA:16,1,0,0
BRDA:16,1,1,0
BRDA:21,2,0,0
BRDA:21,2,1,0
BRF:6
BRH:0
end_of_record
TN:
SF:src\components\Footer\index.jsx
FN:20,Footer
FN:25,(anonymous_1)
FNF:2
FNH:2
FNDA:2,Footer
FNDA:1,(anonymous_1)
DA:5,1
DA:13,1
DA:21,2
DA:23,2
DA:25,1
LF:5
LH:5
BRDA:26,0,0,1
BRDA:26,0,1,1
BRF:2
BRH:2
end_of_record
TN:
SF:src\components\Header\index.jsx
FN:19,Header
FNF:1
FNH:0
FNDA:0,Header
DA:8,0
DA:12,0
DA:20,0
DA:22,0
LF:4
LH:0
BRDA:25,0,0,0
BRDA:25,0,1,0
BRF:2
BRH:0
end_of_record
TN:
SF:src\pages\Freelances\index.jsx
FN:20,(anonymous_0)
FN:29,(anonymous_1)
FN:37,Freelances
FN:64,(anonymous_3)
FNF:4
FNH:0
FNDA:0,(anonymous_0)
FNDA:0,(anonymous_1)
FNDA:0,Freelances
FNDA:0,(anonymous_3)
DA:7,0
DA:16,0
DA:20,0
DA:23,0
DA:29,0
DA:32,0
DA:38,0
DA:39,0
DA:46,0
DA:48,0
DA:49,0
DA:52,0
DA:65,0
LF:13
LH:0
BRDA:20,0,0,0
BRDA:20,0,1,0
BRDA:29,1,0,0
BRDA:29,1,1,0
BRDA:48,2,0,0
BRDA:48,2,1,0
BRDA:58,3,0,0
BRDA:58,3,1,0
BRF:8
BRH:0
end_of_record
TN:
SF:src\pages\Home\index.jsx
FN:14,(anonymous_0)
FN:36,(anonymous_1)
FN:43,sum
FN:47,Home
FNF:4
FNH:1
FNDA:0,(anonymous_0)
FNDA:0,(anonymous_1)
FNDA:1,sum
FNDA:0,Home
DA:7,1
DA:12,1
DA:15,0
DA:22,1
DA:32,1
DA:36,0
DA:39,1
DA:44,1
DA:48,0
DA:50,0
LF:10
LH:6
BRDA:15,0,0,0
BRDA:15,0,1,0
BRDA:36,1,0,0
BRDA:36,1,1,0
BRF:4
BRH:0
end_of_record
TN:
SF:src\pages\Results\index.jsx
FN:14,(anonymous_0)
FN:19,(anonymous_1)
FN:34,(anonymous_2)
FN:42,(anonymous_3)
FN:55,formatFetchParams
FN:58,(anonymous_5)
FN:66,formatQueryParams
FN:69,(anonymous_7)
FN:78,formatJobList
FN:86,Results
FN:115,(anonymous_10)
FN:130,(anonymous_11)
FNF:12
FNH:3
FNDA:0,(anonymous_0)
FNDA:0,(anonymous_1)
FNDA:0,(anonymous_2)
FNDA:0,(anonymous_3)
FNDA:0,formatFetchParams
FNDA:0,(anonymous_5)
FNDA:2,formatQueryParams
FNDA:3,(anonymous_7)
FNDA:2,formatJobList
FNDA:0,Results
FNDA:0,(anonymous_10)
FNDA:0,(anonymous_11)
DA:8,1
DA:15,0
DA:18,1
DA:19,0
DA:29,1
DA:33,1
DA:35,0
DA:39,1
DA:42,0
DA:50,1
DA:56,0
DA:58,0
DA:59,0
DA:60,0
DA:61,0
DA:67,2
DA:69,2
DA:70,3
DA:71,3
DA:72,3
DA:79,2
DA:80,1
DA:83,1
DA:87,0
DA:88,0
DA:90,0
DA:92,0
DA:100,0
DA:101,0
DA:104,0
DA:106,0
DA:116,0
DA:131,0
LF:33
LH:14
BRDA:15,0,0,0
BRDA:15,0,1,0
BRDA:19,1,0,0
BRDA:19,1,1,0
BRDA:35,2,0,0
BRDA:35,2,1,0
BRDA:42,3,0,0
BRDA:42,3,1,0
BRDA:60,4,0,0
BRDA:60,4,1,0
BRDA:71,5,0,2
BRDA:71,5,1,1
BRDA:79,6,0,1
BRDA:79,6,1,1
BRDA:100,7,0,0
BRDA:100,7,1,0
BRDA:106,8,0,0
BRDA:106,8,1,0
BRDA:114,9,0,0
BRDA:114,9,1,0
BRDA:129,10,0,0
BRDA:129,10,1,0
BRF:22
BRH:4
end_of_record
TN:
SF:src\pages\Survey\index.jsx
FN:19,(anonymous_0)
FN:24,(anonymous_1)
FN:30,(anonymous_2)
FN:44,(anonymous_3)
FN:46,(anonymous_4)
FN:49,(anonymous_5)
FN:64,Survey
FN:73,saveReply
FN:95,(anonymous_8)
FN:102,(anonymous_9)
FNF:10
FNH:0
FNDA:0,(anonymous_0)
FNDA:0,(anonymous_1)
FNDA:0,(anonymous_2)
FNDA:0,(anonymous_3)
FNDA:0,(anonymous_4)
FNDA:0,(anonymous_5)
FNDA:0,Survey
FNDA:0,saveReply
FNDA:0,(anonymous_8)
FNDA:0,(anonymous_9)
DA:10,0
DA:16,0
DA:19,0
DA:22,0
DA:24,0
DA:27,0
DA:30,0
DA:37,0
DA:45,0
DA:46,0
DA:50,0
DA:59,0
DA:65,0
DA:66,0
DA:67,0
DA:68,0
DA:69,0
DA:71,0
DA:74,0
DA:76,0
DA:77,0
DA:79,0
DA:80,0
DA:83,0
DA:95,0
DA:102,0
LF:26
LH:0
BRDA:19,0,0,0
BRDA:19,0,1,0
BRDA:24,1,0,0
BRDA:24,1,1,0
BRDA:30,2,0,0
BRDA:30,2,1,0
BRDA:45,3,0,0
BRDA:45,3,1,0
BRDA:46,4,0,0
BRDA:46,4,1,0
BRDA:50,5,0,0
BRDA:50,5,1,0
BRDA:67,6,0,0
BRDA:67,6,1,0
BRDA:79,7,0,0
BRDA:79,7,1,0
BRDA:86,8,0,0
BRDA:86,8,1,0
BRDA:111,9,0,0
BRDA:111,9,1,0
BRDA:111,10,0,0
BRDA:111,10,1,0
BRF:22
BRH:0
end_of_record
TN:
SF:src\utils\context\index.jsx
FN:5,(anonymous_0)
FN:7,(anonymous_1)
FN:20,(anonymous_2)
FN:22,(anonymous_3)
FNF:4
FNH:2
FNDA:2,(anonymous_0)
FNDA:1,(anonymous_1)
FNDA:0,(anonymous_2)
FNDA:0,(anonymous_3)
DA:3,3
DA:5,3
DA:6,2
DA:7,2
DA:8,1
DA:11,2
DA:18,3
DA:20,3
DA:21,0
DA:22,0
DA:23,0
DA:26,0
LF:12
LH:8
BRDA:8,0,0,1
BRDA:8,0,1,0
BRF:2
BRH:1
end_of_record
TN:
SF:src\utils\hooks\index.jsx
FN:4,useFetch
FN:9,(anonymous_1)
FN:12,fetchData
FN:29,useTheme
FNF:4
FNH:1
FNDA:0,useFetch
FNDA:0,(anonymous_1)
FNDA:0,fetchData
FNDA:2,useTheme
DA:5,0
DA:6,0
DA:7,0
DA:9,0
DA:10,0
DA:11,0
DA:13,0
DA:14,0
DA:15,0
DA:16,0
DA:18,0
DA:19,0
DA:21,0
DA:24,0
DA:26,0
DA:30,2
DA:31,2
LF:17
LH:2
BRDA:10,0,0,0
BRDA:10,0,1,0
BRF:2
BRH:0
end_of_record
TN:
SF:src\utils\style\Atoms.jsx
FN:27,(anonymous_0)
FN:31,(anonymous_1)
FNF:2
FNH:0
FNDA:0,(anonymous_0)
FNDA:0,(anonymous_1)
DA:5,2
DA:15,2
DA:25,2
DA:27,0
DA:32,0
LF:5
LH:3
BRDA:27,0,0,0
BRDA:27,0,1,0
BRDA:32,1,0,0
BRDA:32,1,1,0
BRF:4
BRH:0
end_of_record
TN:
SF:src\utils\style\GlobalStyle.jsx
FN:10,(anonymous_0)
FN:16,GlobalStyle
FNF:2
FNH:0
FNDA:0,(anonymous_0)
FNDA:0,GlobalStyle
DA:4,0
DA:11,0
DA:17,0
DA:19,0
LF:4
LH:0
BRDA:11,0,0,0
BRDA:11,0,1,0
BRF:2
BRH:0
end_of_record
TN:
SF:src\utils\style\colors.js
FNF:0
FNH:0
DA:1,3
LF:1
LH:1
BRF:0
BRH:0
end_of_record
